[debug] [2022-05-14T12:14:14.726Z] ----------------------------------------------------------------------
[debug] [2022-05-14T12:14:14.728Z] Command:       C:\Program Files\nodejs\node.exe C:\Users\20114\AppData\Roaming\npm\node_modules\firebase-tools\lib\bin\firebase.js emulators:start
[debug] [2022-05-14T12:14:14.728Z] CLI Version:   10.9.2
[debug] [2022-05-14T12:14:14.728Z] Platform:      win32
[debug] [2022-05-14T12:14:14.728Z] Node Version:  v14.18.0
[debug] [2022-05-14T12:14:14.733Z] Time:          Sat May 14 2022 14:14:14 GMT+0200 (Eastern European Standard Time)
[debug] [2022-05-14T12:14:14.733Z] ----------------------------------------------------------------------
[debug] 
[debug] [2022-05-14T12:14:14.736Z] >>> [apiv2][query] GET https://firebase-public.firebaseio.com/cli.json [none]
[debug] [2022-05-14T12:14:14.840Z] > command requires scopes: ["email","openid","https://www.googleapis.com/auth/cloudplatformprojects.readonly","https://www.googleapis.com/auth/firebase","https://www.googleapis.com/auth/cloud-platform"]
[debug] [2022-05-14T12:14:14.840Z] > authorizing via signed-in user (alyeldeenkhaled3@gmail.com)
[info] i  emulators: Starting emulators: functions {"metadata":{"emulator":{"name":"hub"},"message":"Starting emulators: functions"}}
[warn] !  emulators: It seems that you are running multiple instances of the emulator suite for project clone-93e35. This may result in unexpected behavior. 
[debug] [2022-05-14T12:14:14.863Z] [hub] writing locator at C:\Users\20114\AppData\Local\Temp\hub-clone-93e35.json
[warn] !  functions: The following emulators are not running, calls to these services from the Functions emulator will affect production: auth, firestore, database, hosting, pubsub, storage {"metadata":{"emulator":{"name":"functions"},"message":"The following emulators are not running, calls to these services from the Functions emulator will affect production: \u001b[1mauth, firestore, database, hosting, pubsub, storage\u001b[22m"}}
[warn] !  Your requested "node" version "16" doesn't match your global version "14". Using node@14 from host. {"metadata":{"emulator":{"name":"functions"},"message":"Your requested \"node\" version \"16\" doesn't match your global version \"14\". Using node@14 from host."}}
[debug] [2022-05-14T12:14:14.939Z] defaultcredentials: writing to file C:\Users\20114\AppData\Roaming\firebase\alyeldeenkhaled3_gmail_com_application_default_credentials.json
[debug] [2022-05-14T12:14:14.941Z] Setting GAC to C:\Users\20114\AppData\Roaming\firebase\alyeldeenkhaled3_gmail_com_application_default_credentials.json {"metadata":{"emulator":{"name":"functions"},"message":"Setting GAC to C:\\Users\\20114\\AppData\\Roaming\\firebase\\alyeldeenkhaled3_gmail_com_application_default_credentials.json"}}
[debug] [2022-05-14T12:14:14.942Z] > refreshing access token with scopes: []
[debug] [2022-05-14T12:14:14.943Z] >>> HTTP REQUEST POST https://www.googleapis.com/oauth2/v3/token  
 <request body omitted>
[debug] [2022-05-14T12:14:15.172Z] <<< HTTP RESPONSE 200 {"date":"Sat, 14 May 2022 12:14:11 GMT","pragma":"no-cache","cache-control":"no-cache, no-store, max-age=0, must-revalidate","expires":"Mon, 01 Jan 1990 00:00:00 GMT","content-type":"application/json; charset=utf-8","vary":"X-Origin, Referer, Origin,Accept-Encoding","server":"scaffolding on HTTPServer2","x-xss-protection":"0","x-frame-options":"SAMEORIGIN","x-content-type-options":"nosniff","alt-svc":"h3=\":443\"; ma=2592000,h3-29=\":443\"; ma=2592000,h3-Q050=\":443\"; ma=2592000,h3-Q046=\":443\"; ma=2592000,h3-Q043=\":443\"; ma=2592000,quic=\":443\"; ma=2592000; v=\"46,43\"","accept-ranges":"none","transfer-encoding":"chunked"}
[debug] [2022-05-14T12:14:15.191Z] >>> [apiv2][query] GET https://firebase.googleapis.com/v1beta1/projects/clone-93e35/adminSdkConfig [none]
[debug] [2022-05-14T12:14:15.455Z] <<< [apiv2][status] GET https://firebase-public.firebaseio.com/cli.json 200
[debug] [2022-05-14T12:14:15.455Z] <<< [apiv2][body] GET https://firebase-public.firebaseio.com/cli.json {"cloudBuildErrorAfter":1594252800000,"cloudBuildWarnAfter":1590019200000,"defaultNode10After":1594252800000,"minVersion":"3.0.5","node8DeploysDisabledAfter":1613390400000,"node8RuntimeDisabledAfter":1615809600000,"node8WarnAfter":1600128000000}
[debug] [2022-05-14T12:14:15.729Z] <<< [apiv2][status] GET https://firebase.googleapis.com/v1beta1/projects/clone-93e35/adminSdkConfig 200
[debug] [2022-05-14T12:14:15.729Z] <<< [apiv2][body] GET https://firebase.googleapis.com/v1beta1/projects/clone-93e35/adminSdkConfig {"projectId":"clone-93e35","storageBucket":"clone-93e35.appspot.com"}
[debug] [2022-05-14T12:14:15.762Z] Ignoring unsupported arg: auto_download {"metadata":{"emulator":{"name":"ui"},"message":"Ignoring unsupported arg: auto_download"}}
[debug] [2022-05-14T12:14:15.763Z] Ignoring unsupported arg: port {"metadata":{"emulator":{"name":"ui"},"message":"Ignoring unsupported arg: port"}}
[debug] [2022-05-14T12:14:15.763Z] Starting Emulator UI with command {"binary":"node","args":["C:\\Users\\20114\\.cache\\firebase\\emulators\\ui-v1.7.0\\server.bundle.js"],"optionalArgs":[],"joinArgs":false} {"metadata":{"emulator":{"name":"ui"},"message":"Starting Emulator UI with command {\"binary\":\"node\",\"args\":[\"C:\\\\Users\\\\20114\\\\.cache\\\\firebase\\\\emulators\\\\ui-v1.7.0\\\\server.bundle.js\"],\"optionalArgs\":[],\"joinArgs\":false}"}}
[info] i  ui: Emulator UI logging to ui-debug.log {"metadata":{"emulator":{"name":"ui"},"message":"Emulator UI logging to \u001b[1mui-debug.log\u001b[22m"}}
[debug] [2022-05-14T12:14:15.917Z] Web / API server started at localhost:4000
 {"metadata":{"emulator":{"name":"ui"},"message":"Web / API server started at localhost:4000\n"}}
[info] i  functions: Watching "D:\React\project\functions" for Cloud Functions... {"metadata":{"emulator":{"name":"functions"},"message":"Watching \"D:\\React\\project\\functions\" for Cloud Functions..."}}
[debug] [2022-05-14T12:14:16.052Z] Validating nodejs source
[debug] [2022-05-14T12:14:29.194Z] > [functions] package.json contents: {
  "name": "functions",
  "description": "Cloud Functions for Firebase",
  "scripts": {
    "lint": "eslint .",
    "serve": "firebase emulators:start --only functions",
    "shell": "firebase functions:shell",
    "start": "npm run shell",
    "deploy": "firebase deploy --only functions",
    "logs": "firebase functions:log"
  },
  "engines": {
    "node": "16"
  },
  "main": "index.js",
  "dependencies": {
    "cors": "^2.8.5",
    "express": "^4.18.1",
    "firebase-admin": "^10.0.2",
    "firebase-functions": "^3.18.0",
    "stripe": "^9.1.0"
  },
  "devDependencies": {
    "eslint": "^8.9.0",
    "eslint-config-google": "^0.14.0",
    "firebase-functions-test": "^0.2.0"
  },
  "private": true
}
[debug] [2022-05-14T12:14:29.195Z] Building nodejs source
[debug] [2022-05-14T12:14:29.195Z] Analyzing nodejs backend spec
[debug] [2022-05-14T12:14:29.197Z] Could not find functions.yaml. Must use http discovery
[debug] [2022-05-14T12:14:31.323Z] Serving at port 9005

[debug] [2022-05-14T12:14:32.596Z] Got response from /__/functions.yaml {"endpoints":{"api":{"platform":"gcfv1","httpsTrigger":{},"entryPoint":"api"}},"specVersion":"v1alpha1","requiredAPIs":[]}
[debug] [2022-05-14T12:14:32.603Z] shutdown requested via /__/quitquitquit

[info] +  functions[us-central1-api]: http function initialized (http://localhost:5001/clone-93e35/us-central1/api). {"metadata":{"emulator":{"name":"functions"},"message":"\u001b[1mhttp\u001b[22m function initialized (http://localhost:5001/clone-93e35/us-central1/api)."}}
[info] 
┌─────────────────────────────────────────────────────────────┐
│ ✔  All emulators ready! It is now safe to connect your app. │
│ i  View Emulator UI at http://localhost:4000                │
└─────────────────────────────────────────────────────────────┘

┌───────────┬────────────────┬─────────────────────────────────┐
│ Emulator  │ Host:Port      │ View in Emulator UI             │
├───────────┼────────────────┼─────────────────────────────────┤
│ Functions │ localhost:5001 │ http://localhost:4000/functions │
└───────────┴────────────────┴─────────────────────────────────┘
  Emulator Hub running at localhost:4400
  Other reserved ports: 4500

Issues? Report them at https://github.com/firebase/firebase-tools/issues and attach the *-debug.log files.
 
[debug] [2022-05-14T12:15:35.610Z] [work-queue] {"queueLength":1,"workRunningCount":0}
[debug] [2022-05-14T12:15:35.610Z] [work-queue] {"queueLength":0,"workRunningCount":1}
[debug] [2022-05-14T12:15:35.610Z] Accepted request GET /clone-93e35/us-central1/api --> us-central1-api
[debug] [2022-05-14T12:15:35.793Z] [worker-pool] addWorker(us-central1-api) {"metadata":{"emulator":{"name":"functions"},"message":"[worker-pool] addWorker(us-central1-api)"}}
[debug] [2022-05-14T12:15:35.796Z] [worker-pool] Adding worker with key us-central1-api, total=1 {"metadata":{"emulator":{"name":"functions"},"message":"[worker-pool] Adding worker with key us-central1-api, total=1"}}
[debug] [2022-05-14T12:15:35.796Z] [worker-pool] submitWork(triggerId=us-central1-api) {"metadata":{"emulator":{"name":"functions"},"message":"[worker-pool] submitWork(triggerId=us-central1-api)"}}
[debug] [2022-05-14T12:15:35.797Z] [worker-us-central1-api-ec2ad0c4-7408-40f4-990b-99bcce270bc5]: Assigning socketPath: \\?\pipe\D:\React\project\functions\23040 {"metadata":{"emulator":{"name":"functions"},"message":"[worker-us-central1-api-ec2ad0c4-7408-40f4-990b-99bcce270bc5]: Assigning socketPath: \\\\?\\pipe\\D:\\React\\project\\functions\\23040"}}
[debug] [2022-05-14T12:15:35.797Z] [worker-us-central1-api-ec2ad0c4-7408-40f4-990b-99bcce270bc5]: BUSY {"metadata":{"emulator":{"name":"functions"},"message":"[worker-us-central1-api-ec2ad0c4-7408-40f4-990b-99bcce270bc5]: BUSY"}}
[debug] [2022-05-14T12:15:38.549Z] [runtime-status] [23040] Functions runtime initialized. {"cwd":"D:\\React\\project\\functions","node_version":"14.18.0"} {"metadata":{"emulator":{"name":"functions"},"function":{"name":"us-central1-api"},"extension":{},"message":"[runtime-status] [23040] Functions runtime initialized. {\"cwd\":\"D:\\\\React\\\\project\\\\functions\",\"node_version\":\"14.18.0\"}"}}
[debug] [2022-05-14T12:15:38.549Z] [runtime-status] [23040] Disabled runtime features: undefined {"metadata":{"emulator":{"name":"functions"},"function":{"name":"us-central1-api"},"extension":{},"message":"[runtime-status] [23040] Disabled runtime features: undefined"}}
[debug] [2022-05-14T12:15:38.586Z] [runtime-status] [23040] Resolved module firebase-admin {"declared":true,"installed":true,"version":"10.2.0","resolution":"D:\\React\\project\\functions\\node_modules\\firebase-admin\\lib\\index.js"} {"metadata":{"emulator":{"name":"functions"},"function":{"name":"us-central1-api"},"extension":{},"message":"[runtime-status] [23040] Resolved module firebase-admin {\"declared\":true,\"installed\":true,\"version\":\"10.2.0\",\"resolution\":\"D:\\\\React\\\\project\\\\functions\\\\node_modules\\\\firebase-admin\\\\lib\\\\index.js\"}"}}
[debug] [2022-05-14T12:15:38.589Z] [runtime-status] [23040] Resolved module firebase-functions {"declared":true,"installed":true,"version":"3.21.1","resolution":"D:\\React\\project\\functions\\node_modules\\firebase-functions\\lib\\index.js"} {"metadata":{"emulator":{"name":"functions"},"function":{"name":"us-central1-api"},"extension":{},"message":"[runtime-status] [23040] Resolved module firebase-functions {\"declared\":true,\"installed\":true,\"version\":\"3.21.1\",\"resolution\":\"D:\\\\React\\\\project\\\\functions\\\\node_modules\\\\firebase-functions\\\\lib\\\\index.js\"}"}}
[debug] [2022-05-14T12:15:38.589Z] [runtime-status] [23040] Outgoing network have been stubbed. [{"name":"http","status":"mocked"},{"name":"http","status":"mocked"},{"name":"https","status":"mocked"},{"name":"https","status":"mocked"},{"name":"net","status":"mocked"}] {"metadata":{"emulator":{"name":"functions"},"function":{"name":"us-central1-api"},"extension":{},"message":"[runtime-status] [23040] Outgoing network have been stubbed. [{\"name\":\"http\",\"status\":\"mocked\"},{\"name\":\"http\",\"status\":\"mocked\"},{\"name\":\"https\",\"status\":\"mocked\"},{\"name\":\"https\",\"status\":\"mocked\"},{\"name\":\"net\",\"status\":\"mocked\"}]"}}
[debug] [2022-05-14T12:15:38.590Z] [runtime-status] [23040] Resolved module firebase-functions {"declared":true,"installed":true,"version":"3.21.1","resolution":"D:\\React\\project\\functions\\node_modules\\firebase-functions\\lib\\index.js"} {"metadata":{"emulator":{"name":"functions"},"function":{"name":"us-central1-api"},"extension":{},"message":"[runtime-status] [23040] Resolved module firebase-functions {\"declared\":true,\"installed\":true,\"version\":\"3.21.1\",\"resolution\":\"D:\\\\React\\\\project\\\\functions\\\\node_modules\\\\firebase-functions\\\\lib\\\\index.js\"}"}}
[debug] [2022-05-14T12:15:38.689Z] [runtime-status] [23040] Checked functions.config() {"config":{}} {"metadata":{"emulator":{"name":"functions"},"function":{"name":"us-central1-api"},"extension":{},"message":"[runtime-status] [23040] Checked functions.config() {\"config\":{}}"}}
[debug] [2022-05-14T12:15:38.689Z] [runtime-status] [23040] firebase-functions has been stubbed. {"functionsResolution":{"declared":true,"installed":true,"version":"3.21.1","resolution":"D:\\React\\project\\functions\\node_modules\\firebase-functions\\lib\\index.js"}} {"metadata":{"emulator":{"name":"functions"},"function":{"name":"us-central1-api"},"extension":{},"message":"[runtime-status] [23040] firebase-functions has been stubbed. {\"functionsResolution\":{\"declared\":true,\"installed\":true,\"version\":\"3.21.1\",\"resolution\":\"D:\\\\React\\\\project\\\\functions\\\\node_modules\\\\firebase-functions\\\\lib\\\\index.js\"}}"}}
[debug] [2022-05-14T12:15:38.689Z] [runtime-status] [23040] Resolved module firebase-functions {"declared":true,"installed":true,"version":"3.21.1","resolution":"D:\\React\\project\\functions\\node_modules\\firebase-functions\\lib\\index.js"} {"metadata":{"emulator":{"name":"functions"},"function":{"name":"us-central1-api"},"extension":{},"message":"[runtime-status] [23040] Resolved module firebase-functions {\"declared\":true,\"installed\":true,\"version\":\"3.21.1\",\"resolution\":\"D:\\\\React\\\\project\\\\functions\\\\node_modules\\\\firebase-functions\\\\lib\\\\index.js\"}"}}
[debug] [2022-05-14T12:15:38.691Z] [runtime-status] [23040] Resolved module firebase-admin {"declared":true,"installed":true,"version":"10.2.0","resolution":"D:\\React\\project\\functions\\node_modules\\firebase-admin\\lib\\index.js"} {"metadata":{"emulator":{"name":"functions"},"function":{"name":"us-central1-api"},"extension":{},"message":"[runtime-status] [23040] Resolved module firebase-admin {\"declared\":true,\"installed\":true,\"version\":\"10.2.0\",\"resolution\":\"D:\\\\React\\\\project\\\\functions\\\\node_modules\\\\firebase-admin\\\\lib\\\\index.js\"}"}}
[debug] [2022-05-14T12:15:38.692Z] [runtime-status] [23040] Resolved module firebase-functions {"declared":true,"installed":true,"version":"3.21.1","resolution":"D:\\React\\project\\functions\\node_modules\\firebase-functions\\lib\\index.js"} {"metadata":{"emulator":{"name":"functions"},"function":{"name":"us-central1-api"},"extension":{},"message":"[runtime-status] [23040] Resolved module firebase-functions {\"declared\":true,\"installed\":true,\"version\":\"3.21.1\",\"resolution\":\"D:\\\\React\\\\project\\\\functions\\\\node_modules\\\\firebase-functions\\\\lib\\\\index.js\"}"}}
[debug] [2022-05-14T12:15:38.692Z] [runtime-status] [23040] firebase-admin has been stubbed. {"adminResolution":{"declared":true,"installed":true,"version":"10.2.0","resolution":"D:\\React\\project\\functions\\node_modules\\firebase-admin\\lib\\index.js"}} {"metadata":{"emulator":{"name":"functions"},"function":{"name":"us-central1-api"},"extension":{},"message":"[runtime-status] [23040] firebase-admin has been stubbed. {\"adminResolution\":{\"declared\":true,\"installed\":true,\"version\":\"10.2.0\",\"resolution\":\"D:\\\\React\\\\project\\\\functions\\\\node_modules\\\\firebase-admin\\\\lib\\\\index.js\"}}"}}
[debug] [2022-05-14T12:15:39.357Z] [runtime-status] [23040] Beginning invocation function api! {"metadata":{"emulator":{"name":"functions"},"function":{"name":"us-central1-api"},"extension":{},"message":"[runtime-status] [23040] Beginning invocation function api!"}}
[info] i  functions: Beginning execution of "api" {"metadata":{"emulator":{"name":"functions"},"function":{"name":"us-central1-api"},"extension":{},"message":"Beginning execution of \"api\""}}
[debug] [2022-05-14T12:15:39.359Z] [runtime-status] [23040] Running api in signature http {"metadata":{"emulator":{"name":"functions"},"function":{"name":"us-central1-api"},"extension":{},"message":"[runtime-status] [23040] Running api in signature http"}}
[debug] [2022-05-14T12:15:39.361Z] [runtime-status] [23040] Attempting to listen to socketPath: \\?\pipe\D:\React\project\functions\23040 {"metadata":{"emulator":{"name":"functions"},"function":{"name":"us-central1-api"},"extension":{},"message":"[runtime-status] [23040] Attempting to listen to socketPath: \\\\?\\pipe\\D:\\React\\project\\functions\\23040"}}
[debug] [2022-05-14T12:15:39.365Z] [functions] Runtime ready! Sending request! {"metadata":{"emulator":{"name":"functions"},"message":"[functions] Runtime ready! Sending request!"}}
[debug] [2022-05-14T12:15:39.366Z] [functions] Got req.url=/clone-93e35/us-central1/api, mapping to path=/ {"metadata":{"emulator":{"name":"functions"},"message":"[functions] Got req.url=/clone-93e35/us-central1/api, mapping to path=/"}}
[debug] [2022-05-14T12:15:39.371Z] [runtime-status] [23040] Ephemeral server handling GET request {"metadata":{"emulator":{"name":"functions"},"function":{"name":"us-central1-api"},"extension":{},"message":"[runtime-status] [23040] Ephemeral server handling GET request"}}
[debug] [2022-05-14T12:15:39.377Z] [runtime-status] [23040] Ephemeral server survived. {"metadata":{"emulator":{"name":"functions"},"function":{"name":"us-central1-api"},"extension":{},"message":"[runtime-status] [23040] Ephemeral server survived."}}
[info] i  functions: Finished "api" in ~1s {"metadata":{"emulator":{"name":"functions"},"function":{"name":"us-central1-api"},"extension":{},"message":"Finished \"api\" in ~1s"}}
[debug] [2022-05-14T12:15:39.381Z] [worker-us-central1-api-ec2ad0c4-7408-40f4-990b-99bcce270bc5]: IDLE {"metadata":{"emulator":{"name":"functions"},"message":"[worker-us-central1-api-ec2ad0c4-7408-40f4-990b-99bcce270bc5]: IDLE"}}
[debug] [2022-05-14T12:15:39.381Z] [work-queue] {"queueLength":0,"workRunningCount":0}
[debug] [2022-05-14T12:15:39.470Z] Functions emulator received unknown request at path /favicon.ico
[debug] [2022-05-14T12:15:55.513Z] [work-queue] {"queueLength":1,"workRunningCount":0}
[debug] [2022-05-14T12:15:55.513Z] [work-queue] {"queueLength":0,"workRunningCount":1}
[debug] [2022-05-14T12:15:55.513Z] Accepted request POST /clone-93e35/us-central1/api/payments/create?total=0 --> us-central1-api
[debug] [2022-05-14T12:15:55.513Z] [worker-pool] submitWork(triggerId=us-central1-api) {"metadata":{"emulator":{"name":"functions"},"message":"[worker-pool] submitWork(triggerId=us-central1-api)"}}
[debug] [2022-05-14T12:15:55.513Z] [worker-us-central1-api-ec2ad0c4-7408-40f4-990b-99bcce270bc5]: Assigning socketPath: \\?\pipe\D:\React\project\functions\23040 {"metadata":{"emulator":{"name":"functions"},"message":"[worker-us-central1-api-ec2ad0c4-7408-40f4-990b-99bcce270bc5]: Assigning socketPath: \\\\?\\pipe\\D:\\React\\project\\functions\\23040"}}
[debug] [2022-05-14T12:15:55.513Z] [worker-us-central1-api-ec2ad0c4-7408-40f4-990b-99bcce270bc5]: BUSY {"metadata":{"emulator":{"name":"functions"},"message":"[worker-us-central1-api-ec2ad0c4-7408-40f4-990b-99bcce270bc5]: BUSY"}}
[debug] [2022-05-14T12:15:55.514Z] [runtime-status] [23040] Beginning invocation function api! {"metadata":{"emulator":{"name":"functions"},"function":{"name":"us-central1-api"},"extension":{},"message":"[runtime-status] [23040] Beginning invocation function api!"}}
[info] i  functions: Beginning execution of "api" {"metadata":{"emulator":{"name":"functions"},"function":{"name":"us-central1-api"},"extension":{},"message":"Beginning execution of \"api\""}}
[debug] [2022-05-14T12:15:55.515Z] [runtime-status] [23040] Running api in signature http {"metadata":{"emulator":{"name":"functions"},"function":{"name":"us-central1-api"},"extension":{},"message":"[runtime-status] [23040] Running api in signature http"}}
[debug] [2022-05-14T12:15:55.516Z] [runtime-status] [23040] Attempting to listen to socketPath: \\?\pipe\D:\React\project\functions\23040 {"metadata":{"emulator":{"name":"functions"},"function":{"name":"us-central1-api"},"extension":{},"message":"[runtime-status] [23040] Attempting to listen to socketPath: \\\\?\\pipe\\D:\\React\\project\\functions\\23040"}}
[debug] [2022-05-14T12:15:55.518Z] [functions] Runtime ready! Sending request! {"metadata":{"emulator":{"name":"functions"},"message":"[functions] Runtime ready! Sending request!"}}
[debug] [2022-05-14T12:15:55.519Z] [functions] Got req.url=/clone-93e35/us-central1/api/payments/create?total=0, mapping to path=/payments/create?total=0 {"metadata":{"emulator":{"name":"functions"},"message":"[functions] Got req.url=/clone-93e35/us-central1/api/payments/create?total=0, mapping to path=/payments/create?total=0"}}
[debug] [2022-05-14T12:15:55.523Z] [runtime-status] [23040] Ephemeral server handling POST request {"metadata":{"emulator":{"name":"functions"},"function":{"name":"us-central1-api"},"extension":{},"message":"[runtime-status] [23040] Ephemeral server handling POST request"}}
[info] >  payment request recieved  0 {"user":"payment request recieved  0","metadata":{"emulator":{"name":"functions"},"function":{"name":"us-central1-api"},"extension":{},"message":"\u001b[90m> \u001b[39m payment request recieved  0"}}
[debug] [2022-05-14T12:15:55.594Z] [runtime-status] [23040] Ephemeral server survived. {"metadata":{"emulator":{"name":"functions"},"function":{"name":"us-central1-api"},"extension":{},"message":"[runtime-status] [23040] Ephemeral server survived."}}
[info] >  (node:23040) UnhandledPromiseRejectionWarning: Error: This value must be greater than or equal to 1. {"user":"(node:23040) UnhandledPromiseRejectionWarning: Error: This value must be greater than or equal to 1.","metadata":{"emulator":{"name":"functions"},"function":{"name":"us-central1-api"},"extension":{},"message":"\u001b[90m> \u001b[39m (node:23040) UnhandledPromiseRejectionWarning: Error: This value must be greater than or equal to 1."}}
[info] >      at Function.generate (D:\React\project\functions\node_modules\stripe\lib\Error.js:40:16) {"user":"    at Function.generate (D:\\React\\project\\functions\\node_modules\\stripe\\lib\\Error.js:40:16)","metadata":{"emulator":{"name":"functions"},"function":{"name":"us-central1-api"},"extension":{},"message":"\u001b[90m> \u001b[39m     at Function.generate (D:\\React\\project\\functions\\node_modules\\stripe\\lib\\Error.js:40:16)"}}
[info] >      at res.toJSON.then.StripeAPIError.message (D:\React\project\functions\node_modules\stripe\lib\StripeResource.js:220:35) {"user":"    at res.toJSON.then.StripeAPIError.message (D:\\React\\project\\functions\\node_modules\\stripe\\lib\\StripeResource.js:220:35)","metadata":{"emulator":{"name":"functions"},"function":{"name":"us-central1-api"},"extension":{},"message":"\u001b[90m> \u001b[39m     at res.toJSON.then.StripeAPIError.message (D:\\React\\project\\functions\\node_modules\\stripe\\lib\\StripeResource.js:220:35)"}}
[info] >      at processTicksAndRejections (internal/process/task_queues.js:95:5) {"user":"    at processTicksAndRejections (internal/process/task_queues.js:95:5)","metadata":{"emulator":{"name":"functions"},"function":{"name":"us-central1-api"},"extension":{},"message":"\u001b[90m> \u001b[39m     at processTicksAndRejections (internal/process/task_queues.js:95:5)"}}
[info] >  (Use `node --trace-warnings ...` to show where the warning was created) {"user":"(Use `node --trace-warnings ...` to show where the warning was created)","metadata":{"emulator":{"name":"functions"},"function":{"name":"us-central1-api"},"extension":{},"message":"\u001b[90m> \u001b[39m (Use `node --trace-warnings ...` to show where the warning was created)"}}
[info] >  (node:23040) UnhandledPromiseRejectionWarning: Unhandled promise rejection. This error originated either by throwing inside of an async function without a catch block, or by rejecting a promise which was not handled with .catch(). To terminate the node process on unhandled promise rejection, use the CLI flag `--unhandled-rejections=strict` (see https://nodejs.org/api/cli.html#cli_unhandled_rejections_mode). (rejection id: 1) {"user":"(node:23040) UnhandledPromiseRejectionWarning: Unhandled promise rejection. This error originated either by throwing inside of an async function without a catch block, or by rejecting a promise which was not handled with .catch(). To terminate the node process on unhandled promise rejection, use the CLI flag `--unhandled-rejections=strict` (see https://nodejs.org/api/cli.html#cli_unhandled_rejections_mode). (rejection id: 1)","metadata":{"emulator":{"name":"functions"},"function":{"name":"us-central1-api"},"extension":{},"message":"\u001b[90m> \u001b[39m (node:23040) UnhandledPromiseRejectionWarning: Unhandled promise rejection. This error originated either by throwing inside of an async function without a catch block, or by rejecting a promise which was not handled with .catch(). To terminate the node process on unhandled promise rejection, use the CLI flag `--unhandled-rejections=strict` (see https://nodejs.org/api/cli.html#cli_unhandled_rejections_mode). (rejection id: 1)"}}
[info] >  (node:23040) [DEP0018] DeprecationWarning: Unhandled promise rejections are deprecated. In the future, promise rejections that are not handled will terminate the Node.js process with a non-zero exit code. {"user":"(node:23040) [DEP0018] DeprecationWarning: Unhandled promise rejections are deprecated. In the future, promise rejections that are not handled will terminate the Node.js process with a non-zero exit code.","metadata":{"emulator":{"name":"functions"},"function":{"name":"us-central1-api"},"extension":{},"message":"\u001b[90m> \u001b[39m (node:23040) [DEP0018] DeprecationWarning: Unhandled promise rejections are deprecated. In the future, promise rejections that are not handled will terminate the Node.js process with a non-zero exit code."}}
[debug] [2022-05-14T12:16:03.934Z] [work-queue] {"queueLength":1,"workRunningCount":1}
[debug] [2022-05-14T12:16:03.934Z] [work-queue] {"queueLength":0,"workRunningCount":2}
[debug] [2022-05-14T12:16:03.934Z] Accepted request POST /clone-93e35/us-central1/api/payments/create?total=82700 --> us-central1-api
[debug] [2022-05-14T12:16:03.947Z] [worker-pool] addWorker(us-central1-api) {"metadata":{"emulator":{"name":"functions"},"message":"[worker-pool] addWorker(us-central1-api)"}}
[debug] [2022-05-14T12:16:03.947Z] [worker-pool] Adding worker with key us-central1-api, total=2 {"metadata":{"emulator":{"name":"functions"},"message":"[worker-pool] Adding worker with key us-central1-api, total=2"}}
[debug] [2022-05-14T12:16:03.947Z] [worker-pool] submitWork(triggerId=us-central1-api) {"metadata":{"emulator":{"name":"functions"},"message":"[worker-pool] submitWork(triggerId=us-central1-api)"}}
[debug] [2022-05-14T12:16:03.948Z] [worker-us-central1-api-c595de99-b5d0-464a-aab4-5c5716d26b58]: Assigning socketPath: \\?\pipe\D:\React\project\functions\2608 {"metadata":{"emulator":{"name":"functions"},"message":"[worker-us-central1-api-c595de99-b5d0-464a-aab4-5c5716d26b58]: Assigning socketPath: \\\\?\\pipe\\D:\\React\\project\\functions\\2608"}}
[debug] [2022-05-14T12:16:03.948Z] [worker-us-central1-api-c595de99-b5d0-464a-aab4-5c5716d26b58]: BUSY {"metadata":{"emulator":{"name":"functions"},"message":"[worker-us-central1-api-c595de99-b5d0-464a-aab4-5c5716d26b58]: BUSY"}}
[debug] [2022-05-14T12:16:08.575Z] [runtime-status] [2608] Functions runtime initialized. {"cwd":"D:\\React\\project\\functions","node_version":"14.18.0"} {"metadata":{"emulator":{"name":"functions"},"function":{"name":"us-central1-api"},"extension":{},"message":"[runtime-status] [2608] Functions runtime initialized. {\"cwd\":\"D:\\\\React\\\\project\\\\functions\",\"node_version\":\"14.18.0\"}"}}
[debug] [2022-05-14T12:16:08.575Z] [runtime-status] [2608] Disabled runtime features: undefined {"metadata":{"emulator":{"name":"functions"},"function":{"name":"us-central1-api"},"extension":{},"message":"[runtime-status] [2608] Disabled runtime features: undefined"}}
[debug] [2022-05-14T12:16:08.612Z] [runtime-status] [2608] Resolved module firebase-admin {"declared":true,"installed":true,"version":"10.2.0","resolution":"D:\\React\\project\\functions\\node_modules\\firebase-admin\\lib\\index.js"} {"metadata":{"emulator":{"name":"functions"},"function":{"name":"us-central1-api"},"extension":{},"message":"[runtime-status] [2608] Resolved module firebase-admin {\"declared\":true,\"installed\":true,\"version\":\"10.2.0\",\"resolution\":\"D:\\\\React\\\\project\\\\functions\\\\node_modules\\\\firebase-admin\\\\lib\\\\index.js\"}"}}
[debug] [2022-05-14T12:16:08.620Z] [runtime-status] [2608] Resolved module firebase-functions {"declared":true,"installed":true,"version":"3.21.1","resolution":"D:\\React\\project\\functions\\node_modules\\firebase-functions\\lib\\index.js"} {"metadata":{"emulator":{"name":"functions"},"function":{"name":"us-central1-api"},"extension":{},"message":"[runtime-status] [2608] Resolved module firebase-functions {\"declared\":true,\"installed\":true,\"version\":\"3.21.1\",\"resolution\":\"D:\\\\React\\\\project\\\\functions\\\\node_modules\\\\firebase-functions\\\\lib\\\\index.js\"}"}}
[debug] [2022-05-14T12:16:08.620Z] [runtime-status] [2608] Outgoing network have been stubbed. [{"name":"http","status":"mocked"},{"name":"http","status":"mocked"},{"name":"https","status":"mocked"},{"name":"https","status":"mocked"},{"name":"net","status":"mocked"}] {"metadata":{"emulator":{"name":"functions"},"function":{"name":"us-central1-api"},"extension":{},"message":"[runtime-status] [2608] Outgoing network have been stubbed. [{\"name\":\"http\",\"status\":\"mocked\"},{\"name\":\"http\",\"status\":\"mocked\"},{\"name\":\"https\",\"status\":\"mocked\"},{\"name\":\"https\",\"status\":\"mocked\"},{\"name\":\"net\",\"status\":\"mocked\"}]"}}
[debug] [2022-05-14T12:16:08.622Z] [runtime-status] [2608] Resolved module firebase-functions {"declared":true,"installed":true,"version":"3.21.1","resolution":"D:\\React\\project\\functions\\node_modules\\firebase-functions\\lib\\index.js"} {"metadata":{"emulator":{"name":"functions"},"function":{"name":"us-central1-api"},"extension":{},"message":"[runtime-status] [2608] Resolved module firebase-functions {\"declared\":true,\"installed\":true,\"version\":\"3.21.1\",\"resolution\":\"D:\\\\React\\\\project\\\\functions\\\\node_modules\\\\firebase-functions\\\\lib\\\\index.js\"}"}}
[debug] [2022-05-14T12:16:09.372Z] [runtime-status] [2608] Checked functions.config() {"config":{}} {"metadata":{"emulator":{"name":"functions"},"function":{"name":"us-central1-api"},"extension":{},"message":"[runtime-status] [2608] Checked functions.config() {\"config\":{}}"}}
[debug] [2022-05-14T12:16:09.373Z] [runtime-status] [2608] firebase-functions has been stubbed. {"functionsResolution":{"declared":true,"installed":true,"version":"3.21.1","resolution":"D:\\React\\project\\functions\\node_modules\\firebase-functions\\lib\\index.js"}} {"metadata":{"emulator":{"name":"functions"},"function":{"name":"us-central1-api"},"extension":{},"message":"[runtime-status] [2608] firebase-functions has been stubbed. {\"functionsResolution\":{\"declared\":true,\"installed\":true,\"version\":\"3.21.1\",\"resolution\":\"D:\\\\React\\\\project\\\\functions\\\\node_modules\\\\firebase-functions\\\\lib\\\\index.js\"}}"}}
[debug] [2022-05-14T12:16:09.375Z] [runtime-status] [2608] Resolved module firebase-functions {"declared":true,"installed":true,"version":"3.21.1","resolution":"D:\\React\\project\\functions\\node_modules\\firebase-functions\\lib\\index.js"} {"metadata":{"emulator":{"name":"functions"},"function":{"name":"us-central1-api"},"extension":{},"message":"[runtime-status] [2608] Resolved module firebase-functions {\"declared\":true,\"installed\":true,\"version\":\"3.21.1\",\"resolution\":\"D:\\\\React\\\\project\\\\functions\\\\node_modules\\\\firebase-functions\\\\lib\\\\index.js\"}"}}
[debug] [2022-05-14T12:16:09.378Z] [runtime-status] [2608] Resolved module firebase-admin {"declared":true,"installed":true,"version":"10.2.0","resolution":"D:\\React\\project\\functions\\node_modules\\firebase-admin\\lib\\index.js"} {"metadata":{"emulator":{"name":"functions"},"function":{"name":"us-central1-api"},"extension":{},"message":"[runtime-status] [2608] Resolved module firebase-admin {\"declared\":true,\"installed\":true,\"version\":\"10.2.0\",\"resolution\":\"D:\\\\React\\\\project\\\\functions\\\\node_modules\\\\firebase-admin\\\\lib\\\\index.js\"}"}}
[debug] [2022-05-14T12:16:09.379Z] [runtime-status] [2608] Resolved module firebase-functions {"declared":true,"installed":true,"version":"3.21.1","resolution":"D:\\React\\project\\functions\\node_modules\\firebase-functions\\lib\\index.js"} {"metadata":{"emulator":{"name":"functions"},"function":{"name":"us-central1-api"},"extension":{},"message":"[runtime-status] [2608] Resolved module firebase-functions {\"declared\":true,\"installed\":true,\"version\":\"3.21.1\",\"resolution\":\"D:\\\\React\\\\project\\\\functions\\\\node_modules\\\\firebase-functions\\\\lib\\\\index.js\"}"}}
[debug] [2022-05-14T12:16:09.379Z] [runtime-status] [2608] firebase-admin has been stubbed. {"adminResolution":{"declared":true,"installed":true,"version":"10.2.0","resolution":"D:\\React\\project\\functions\\node_modules\\firebase-admin\\lib\\index.js"}} {"metadata":{"emulator":{"name":"functions"},"function":{"name":"us-central1-api"},"extension":{},"message":"[runtime-status] [2608] firebase-admin has been stubbed. {\"adminResolution\":{\"declared\":true,\"installed\":true,\"version\":\"10.2.0\",\"resolution\":\"D:\\\\React\\\\project\\\\functions\\\\node_modules\\\\firebase-admin\\\\lib\\\\index.js\"}}"}}
[debug] [2022-05-14T12:16:10.739Z] [runtime-status] [2608] Beginning invocation function api! {"metadata":{"emulator":{"name":"functions"},"function":{"name":"us-central1-api"},"extension":{},"message":"[runtime-status] [2608] Beginning invocation function api!"}}
[info] i  functions: Beginning execution of "api" {"metadata":{"emulator":{"name":"functions"},"function":{"name":"us-central1-api"},"extension":{},"message":"Beginning execution of \"api\""}}
[debug] [2022-05-14T12:16:10.740Z] [runtime-status] [2608] Running api in signature http {"metadata":{"emulator":{"name":"functions"},"function":{"name":"us-central1-api"},"extension":{},"message":"[runtime-status] [2608] Running api in signature http"}}
[debug] [2022-05-14T12:16:10.743Z] [runtime-status] [2608] Attempting to listen to socketPath: \\?\pipe\D:\React\project\functions\2608 {"metadata":{"emulator":{"name":"functions"},"function":{"name":"us-central1-api"},"extension":{},"message":"[runtime-status] [2608] Attempting to listen to socketPath: \\\\?\\pipe\\D:\\React\\project\\functions\\2608"}}
[debug] [2022-05-14T12:16:10.746Z] [functions] Runtime ready! Sending request! {"metadata":{"emulator":{"name":"functions"},"message":"[functions] Runtime ready! Sending request!"}}
[debug] [2022-05-14T12:16:10.747Z] [functions] Got req.url=/clone-93e35/us-central1/api/payments/create?total=82700, mapping to path=/payments/create?total=82700 {"metadata":{"emulator":{"name":"functions"},"message":"[functions] Got req.url=/clone-93e35/us-central1/api/payments/create?total=82700, mapping to path=/payments/create?total=82700"}}
[debug] [2022-05-14T12:16:10.751Z] [runtime-status] [2608] Ephemeral server handling POST request {"metadata":{"emulator":{"name":"functions"},"function":{"name":"us-central1-api"},"extension":{},"message":"[runtime-status] [2608] Ephemeral server handling POST request"}}
[info] >  payment request recieved  82700 {"user":"payment request recieved  82700","metadata":{"emulator":{"name":"functions"},"function":{"name":"us-central1-api"},"extension":{},"message":"\u001b[90m> \u001b[39m payment request recieved  82700"}}
[debug] [2022-05-14T12:16:10.785Z] [runtime-status] [2608] Ephemeral server survived. {"metadata":{"emulator":{"name":"functions"},"function":{"name":"us-central1-api"},"extension":{},"message":"[runtime-status] [2608] Ephemeral server survived."}}
[info] i  functions: Finished "api" in ~1s {"metadata":{"emulator":{"name":"functions"},"function":{"name":"us-central1-api"},"extension":{},"message":"Finished \"api\" in ~1s"}}
[debug] [2022-05-14T12:16:11.468Z] [worker-us-central1-api-c595de99-b5d0-464a-aab4-5c5716d26b58]: IDLE {"metadata":{"emulator":{"name":"functions"},"message":"[worker-us-central1-api-c595de99-b5d0-464a-aab4-5c5716d26b58]: IDLE"}}
[debug] [2022-05-14T12:16:11.468Z] [work-queue] {"queueLength":0,"workRunningCount":1}
[debug] [2022-05-14T12:16:21.393Z] [work-queue] {"queueLength":1,"workRunningCount":1}
[debug] [2022-05-14T12:16:21.393Z] [work-queue] {"queueLength":0,"workRunningCount":2}
[debug] [2022-05-14T12:16:21.393Z] Accepted request POST /clone-93e35/us-central1/api/payments/create?total=0 --> us-central1-api
[debug] [2022-05-14T12:16:21.393Z] [worker-pool] submitWork(triggerId=us-central1-api) {"metadata":{"emulator":{"name":"functions"},"message":"[worker-pool] submitWork(triggerId=us-central1-api)"}}
[debug] [2022-05-14T12:16:21.393Z] [worker-us-central1-api-c595de99-b5d0-464a-aab4-5c5716d26b58]: Assigning socketPath: \\?\pipe\D:\React\project\functions\2608 {"metadata":{"emulator":{"name":"functions"},"message":"[worker-us-central1-api-c595de99-b5d0-464a-aab4-5c5716d26b58]: Assigning socketPath: \\\\?\\pipe\\D:\\React\\project\\functions\\2608"}}
[debug] [2022-05-14T12:16:21.393Z] [worker-us-central1-api-c595de99-b5d0-464a-aab4-5c5716d26b58]: BUSY {"metadata":{"emulator":{"name":"functions"},"message":"[worker-us-central1-api-c595de99-b5d0-464a-aab4-5c5716d26b58]: BUSY"}}
[debug] [2022-05-14T12:16:21.394Z] [runtime-status] [2608] Beginning invocation function api! {"metadata":{"emulator":{"name":"functions"},"function":{"name":"us-central1-api"},"extension":{},"message":"[runtime-status] [2608] Beginning invocation function api!"}}
[info] i  functions: Beginning execution of "api" {"metadata":{"emulator":{"name":"functions"},"function":{"name":"us-central1-api"},"extension":{},"message":"Beginning execution of \"api\""}}
[debug] [2022-05-14T12:16:21.395Z] [runtime-status] [2608] Running api in signature http {"metadata":{"emulator":{"name":"functions"},"function":{"name":"us-central1-api"},"extension":{},"message":"[runtime-status] [2608] Running api in signature http"}}
[debug] [2022-05-14T12:16:21.395Z] [runtime-status] [2608] Attempting to listen to socketPath: \\?\pipe\D:\React\project\functions\2608 {"metadata":{"emulator":{"name":"functions"},"function":{"name":"us-central1-api"},"extension":{},"message":"[runtime-status] [2608] Attempting to listen to socketPath: \\\\?\\pipe\\D:\\React\\project\\functions\\2608"}}
[debug] [2022-05-14T12:16:21.401Z] [functions] Runtime ready! Sending request! {"metadata":{"emulator":{"name":"functions"},"message":"[functions] Runtime ready! Sending request!"}}
[debug] [2022-05-14T12:16:21.401Z] [functions] Got req.url=/clone-93e35/us-central1/api/payments/create?total=0, mapping to path=/payments/create?total=0 {"metadata":{"emulator":{"name":"functions"},"message":"[functions] Got req.url=/clone-93e35/us-central1/api/payments/create?total=0, mapping to path=/payments/create?total=0"}}
[debug] [2022-05-14T12:16:21.402Z] [runtime-status] [2608] Ephemeral server handling POST request {"metadata":{"emulator":{"name":"functions"},"function":{"name":"us-central1-api"},"extension":{},"message":"[runtime-status] [2608] Ephemeral server handling POST request"}}
[info] >  payment request recieved  0 {"user":"payment request recieved  0","metadata":{"emulator":{"name":"functions"},"function":{"name":"us-central1-api"},"extension":{},"message":"\u001b[90m> \u001b[39m payment request recieved  0"}}
[debug] [2022-05-14T12:16:21.403Z] [runtime-status] [2608] Ephemeral server survived. {"metadata":{"emulator":{"name":"functions"},"function":{"name":"us-central1-api"},"extension":{},"message":"[runtime-status] [2608] Ephemeral server survived."}}
[info] >  (node:2608) UnhandledPromiseRejectionWarning: Error: This value must be greater than or equal to 1. {"user":"(node:2608) UnhandledPromiseRejectionWarning: Error: This value must be greater than or equal to 1.","metadata":{"emulator":{"name":"functions"},"function":{"name":"us-central1-api"},"extension":{},"message":"\u001b[90m> \u001b[39m (node:2608) UnhandledPromiseRejectionWarning: Error: This value must be greater than or equal to 1."}}
[info] >      at Function.generate (D:\React\project\functions\node_modules\stripe\lib\Error.js:40:16) {"user":"    at Function.generate (D:\\React\\project\\functions\\node_modules\\stripe\\lib\\Error.js:40:16)","metadata":{"emulator":{"name":"functions"},"function":{"name":"us-central1-api"},"extension":{},"message":"\u001b[90m> \u001b[39m     at Function.generate (D:\\React\\project\\functions\\node_modules\\stripe\\lib\\Error.js:40:16)"}}
[info] >      at res.toJSON.then.StripeAPIError.message (D:\React\project\functions\node_modules\stripe\lib\StripeResource.js:220:35) {"user":"    at res.toJSON.then.StripeAPIError.message (D:\\React\\project\\functions\\node_modules\\stripe\\lib\\StripeResource.js:220:35)","metadata":{"emulator":{"name":"functions"},"function":{"name":"us-central1-api"},"extension":{},"message":"\u001b[90m> \u001b[39m     at res.toJSON.then.StripeAPIError.message (D:\\React\\project\\functions\\node_modules\\stripe\\lib\\StripeResource.js:220:35)"}}
[info] >      at processTicksAndRejections (internal/process/task_queues.js:95:5) {"user":"    at processTicksAndRejections (internal/process/task_queues.js:95:5)","metadata":{"emulator":{"name":"functions"},"function":{"name":"us-central1-api"},"extension":{},"message":"\u001b[90m> \u001b[39m     at processTicksAndRejections (internal/process/task_queues.js:95:5)"}}
[info] >  (Use `node --trace-warnings ...` to show where the warning was created) {"user":"(Use `node --trace-warnings ...` to show where the warning was created)","metadata":{"emulator":{"name":"functions"},"function":{"name":"us-central1-api"},"extension":{},"message":"\u001b[90m> \u001b[39m (Use `node --trace-warnings ...` to show where the warning was created)"}}
[info] >  (node:2608) UnhandledPromiseRejectionWarning: Unhandled promise rejection. This error originated either by throwing inside of an async function without a catch block, or by rejecting a promise which was not handled with .catch(). To terminate the node process on unhandled promise rejection, use the CLI flag `--unhandled-rejections=strict` (see https://nodejs.org/api/cli.html#cli_unhandled_rejections_mode). (rejection id: 1) {"user":"(node:2608) UnhandledPromiseRejectionWarning: Unhandled promise rejection. This error originated either by throwing inside of an async function without a catch block, or by rejecting a promise which was not handled with .catch(). To terminate the node process on unhandled promise rejection, use the CLI flag `--unhandled-rejections=strict` (see https://nodejs.org/api/cli.html#cli_unhandled_rejections_mode). (rejection id: 1)","metadata":{"emulator":{"name":"functions"},"function":{"name":"us-central1-api"},"extension":{},"message":"\u001b[90m> \u001b[39m (node:2608) UnhandledPromiseRejectionWarning: Unhandled promise rejection. This error originated either by throwing inside of an async function without a catch block, or by rejecting a promise which was not handled with .catch(). To terminate the node process on unhandled promise rejection, use the CLI flag `--unhandled-rejections=strict` (see https://nodejs.org/api/cli.html#cli_unhandled_rejections_mode). (rejection id: 1)"}}
[info] >  (node:2608) [DEP0018] DeprecationWarning: Unhandled promise rejections are deprecated. In the future, promise rejections that are not handled will terminate the Node.js process with a non-zero exit code. {"user":"(node:2608) [DEP0018] DeprecationWarning: Unhandled promise rejections are deprecated. In the future, promise rejections that are not handled will terminate the Node.js process with a non-zero exit code.","metadata":{"emulator":{"name":"functions"},"function":{"name":"us-central1-api"},"extension":{},"message":"\u001b[90m> \u001b[39m (node:2608) [DEP0018] DeprecationWarning: Unhandled promise rejections are deprecated. In the future, promise rejections that are not handled will terminate the Node.js process with a non-zero exit code."}}
[warn] !  functions: Your function timed out after ~60s. To configure this timeout, see
      https://firebase.google.com/docs/functions/manage-functions#set_timeout_and_memory_allocation. {"metadata":{"emulator":{"name":"functions"},"function":{"name":"us-central1-api"},"extension":{},"message":"Your function timed out after ~60s. To configure this timeout, see\n      https://firebase.google.com/docs/functions/manage-functions#set_timeout_and_memory_allocation."}}
[info] >  C:\Users\20114\AppData\Roaming\npm\node_modules\firebase-tools\lib\emulator\functionsEmulatorRuntime.js:634 {"user":"C:\\Users\\20114\\AppData\\Roaming\\npm\\node_modules\\firebase-tools\\lib\\emulator\\functionsEmulatorRuntime.js:634\r","metadata":{"emulator":{"name":"functions"},"function":{"name":"us-central1-api"},"extension":{},"message":"\u001b[90m> \u001b[39m C:\\Users\\20114\\AppData\\Roaming\\npm\\node_modules\\firebase-tools\\lib\\emulator\\functionsEmulatorRuntime.js:634\r"}}
[info] >              throw new Error("Function timed out."); {"user":"            throw new Error(\"Function timed out.\");\r","metadata":{"emulator":{"name":"functions"},"function":{"name":"us-central1-api"},"extension":{},"message":"\u001b[90m> \u001b[39m             throw new Error(\"Function timed out.\");\r"}}
[info] >              ^ {"user":"            ^\r","metadata":{"emulator":{"name":"functions"},"function":{"name":"us-central1-api"},"extension":{},"message":"\u001b[90m> \u001b[39m             ^\r"}}
[info] >   {"user":"\r","metadata":{"emulator":{"name":"functions"},"function":{"name":"us-central1-api"},"extension":{},"message":"\u001b[90m> \u001b[39m \r"}}
[info] >  Error: Function timed out. {"user":"Error: Function timed out.\r","metadata":{"emulator":{"name":"functions"},"function":{"name":"us-central1-api"},"extension":{},"message":"\u001b[90m> \u001b[39m Error: Function timed out.\r"}}
[info] >      at Timeout._onTimeout (C:\Users\20114\AppData\Roaming\npm\node_modules\firebase-tools\lib\emulator\functionsEmulatorRuntime.js:634:19) {"user":"    at Timeout._onTimeout (C:\\Users\\20114\\AppData\\Roaming\\npm\\node_modules\\firebase-tools\\lib\\emulator\\functionsEmulatorRuntime.js:634:19)\r","metadata":{"emulator":{"name":"functions"},"function":{"name":"us-central1-api"},"extension":{},"message":"\u001b[90m> \u001b[39m     at Timeout._onTimeout (C:\\Users\\20114\\AppData\\Roaming\\npm\\node_modules\\firebase-tools\\lib\\emulator\\functionsEmulatorRuntime.js:634:19)\r"}}
[info] >      at listOnTimeout (internal/timers.js:557:17) {"user":"    at listOnTimeout (internal/timers.js:557:17)\r","metadata":{"emulator":{"name":"functions"},"function":{"name":"us-central1-api"},"extension":{},"message":"\u001b[90m> \u001b[39m     at listOnTimeout (internal/timers.js:557:17)\r"}}
[info] >      at processTimers (internal/timers.js:500:7) {"user":"    at processTimers (internal/timers.js:500:7)\r","metadata":{"emulator":{"name":"functions"},"function":{"name":"us-central1-api"},"extension":{},"message":"\u001b[90m> \u001b[39m     at processTimers (internal/timers.js:500:7)\r"}}
[debug] [2022-05-14T12:16:56.199Z] [worker-us-central1-api-ec2ad0c4-7408-40f4-990b-99bcce270bc5]: exited {"metadata":{"emulator":{"name":"functions"},"message":"[worker-us-central1-api-ec2ad0c4-7408-40f4-990b-99bcce270bc5]: exited"}}
[debug] [2022-05-14T12:16:56.199Z] [worker-us-central1-api-ec2ad0c4-7408-40f4-990b-99bcce270bc5]: FINISHED {"metadata":{"emulator":{"name":"functions"},"message":"[worker-us-central1-api-ec2ad0c4-7408-40f4-990b-99bcce270bc5]: FINISHED"}}
[debug] [2022-05-14T12:16:56.199Z] [work-queue] {"queueLength":0,"workRunningCount":1}
[warn] !  functions: Your function timed out after ~60s. To configure this timeout, see
      https://firebase.google.com/docs/functions/manage-functions#set_timeout_and_memory_allocation. {"metadata":{"emulator":{"name":"functions"},"function":{"name":"us-central1-api"},"extension":{},"message":"Your function timed out after ~60s. To configure this timeout, see\n      https://firebase.google.com/docs/functions/manage-functions#set_timeout_and_memory_allocation."}}
[info] >  C:\Users\20114\AppData\Roaming\npm\node_modules\firebase-tools\lib\emulator\functionsEmulatorRuntime.js:634 {"user":"C:\\Users\\20114\\AppData\\Roaming\\npm\\node_modules\\firebase-tools\\lib\\emulator\\functionsEmulatorRuntime.js:634\r","metadata":{"emulator":{"name":"functions"},"function":{"name":"us-central1-api"},"extension":{},"message":"\u001b[90m> \u001b[39m C:\\Users\\20114\\AppData\\Roaming\\npm\\node_modules\\firebase-tools\\lib\\emulator\\functionsEmulatorRuntime.js:634\r"}}
[info] >              throw new Error("Function timed out."); {"user":"            throw new Error(\"Function timed out.\");\r","metadata":{"emulator":{"name":"functions"},"function":{"name":"us-central1-api"},"extension":{},"message":"\u001b[90m> \u001b[39m             throw new Error(\"Function timed out.\");\r"}}
[info] >              ^ {"user":"            ^\r","metadata":{"emulator":{"name":"functions"},"function":{"name":"us-central1-api"},"extension":{},"message":"\u001b[90m> \u001b[39m             ^\r"}}
[info] >   {"user":"\r","metadata":{"emulator":{"name":"functions"},"function":{"name":"us-central1-api"},"extension":{},"message":"\u001b[90m> \u001b[39m \r"}}
[info] >  Error: Function timed out. {"user":"Error: Function timed out.\r","metadata":{"emulator":{"name":"functions"},"function":{"name":"us-central1-api"},"extension":{},"message":"\u001b[90m> \u001b[39m Error: Function timed out.\r"}}
[info] >      at Timeout._onTimeout (C:\Users\20114\AppData\Roaming\npm\node_modules\firebase-tools\lib\emulator\functionsEmulatorRuntime.js:634:19) {"user":"    at Timeout._onTimeout (C:\\Users\\20114\\AppData\\Roaming\\npm\\node_modules\\firebase-tools\\lib\\emulator\\functionsEmulatorRuntime.js:634:19)\r","metadata":{"emulator":{"name":"functions"},"function":{"name":"us-central1-api"},"extension":{},"message":"\u001b[90m> \u001b[39m     at Timeout._onTimeout (C:\\Users\\20114\\AppData\\Roaming\\npm\\node_modules\\firebase-tools\\lib\\emulator\\functionsEmulatorRuntime.js:634:19)\r"}}
[info] >      at listOnTimeout (internal/timers.js:557:17) {"user":"    at listOnTimeout (internal/timers.js:557:17)\r","metadata":{"emulator":{"name":"functions"},"function":{"name":"us-central1-api"},"extension":{},"message":"\u001b[90m> \u001b[39m     at listOnTimeout (internal/timers.js:557:17)\r"}}
[info] >      at processTimers (internal/timers.js:500:7) {"user":"    at processTimers (internal/timers.js:500:7)\r","metadata":{"emulator":{"name":"functions"},"function":{"name":"us-central1-api"},"extension":{},"message":"\u001b[90m> \u001b[39m     at processTimers (internal/timers.js:500:7)\r"}}
[debug] [2022-05-14T12:17:21.434Z] [worker-us-central1-api-c595de99-b5d0-464a-aab4-5c5716d26b58]: exited {"metadata":{"emulator":{"name":"functions"},"message":"[worker-us-central1-api-c595de99-b5d0-464a-aab4-5c5716d26b58]: exited"}}
[debug] [2022-05-14T12:17:21.434Z] [worker-us-central1-api-c595de99-b5d0-464a-aab4-5c5716d26b58]: FINISHED {"metadata":{"emulator":{"name":"functions"},"message":"[worker-us-central1-api-c595de99-b5d0-464a-aab4-5c5716d26b58]: FINISHED"}}
[debug] [2022-05-14T12:17:21.434Z] [work-queue] {"queueLength":0,"workRunningCount":0}
